<?xml version="1.0" encoding="UTF-8"?>
<testng-results skipped="0" failed="0" ignored="0" total="1" passed="1">
  <reporter-output>
  </reporter-output>
  <suite name="Suite" duration-ms="55610" started-at="2020-04-23T13:57:05Z" finished-at="2020-04-23T13:58:01Z">
    <groups>
    </groups>
    <test name="Pixel_2" duration-ms="55610" started-at="2020-04-23T13:57:05Z" finished-at="2020-04-23T13:58:01Z">
      <class name="com.qa.tests.ProductTests">
        <test-method status="PASS" signature="beforeTest(java.lang.String, java.lang.String, java.lang.String, java.lang.String, java.lang.String, java.lang.String, java.lang.String, java.lang.String)[pri:0, instance:com.qa.tests.ProductTests@11438d26]" name="beforeTest" is-config="true" duration-ms="30416" started-at="2020-04-23T13:57:05Z" finished-at="2020-04-23T13:57:36Z">
          <params>
            <param index="0">
              <value>
                <![CDATA[false]]>
              </value>
            </param>
            <param index="1">
              <value>
                <![CDATA[Android]]>
              </value>
            </param>
            <param index="2">
              <value>
                <![CDATA[]]>
              </value>
            </param>
            <param index="3">
              <value>
                <![CDATA[Android]]>
              </value>
            </param>
            <param index="4">
              <value>
                <![CDATA[10000]]>
              </value>
            </param>
            <param index="5">
              <value>
                <![CDATA[11000]]>
              </value>
            </param>
            <param index="6">
              <value>
                <![CDATA[iOSOnly]]>
              </value>
            </param>
            <param index="7">
              <value>
                <![CDATA[iOSOnly]]>
              </value>
            </param>
          </params>
          <reporter-output>
          </reporter-output>
        </test-method> <!-- beforeTest -->
        <test-method status="PASS" signature="beforeClass()[pri:0, instance:com.qa.tests.ProductTests@11438d26]" name="beforeClass" is-config="true" duration-ms="1984" started-at="2020-04-23T13:57:36Z" finished-at="2020-04-23T13:57:38Z">
          <reporter-output>
          </reporter-output>
        </test-method> <!-- beforeClass -->
        <test-method status="PASS" signature="beforeMethod()[pri:0, instance:com.qa.tests.ProductTests@11438d26]" name="beforeMethod" is-config="true" duration-ms="970" started-at="2020-04-23T13:57:38Z" finished-at="2020-04-23T13:57:39Z">
          <reporter-output>
          </reporter-output>
        </test-method> <!-- beforeMethod -->
        <test-method status="PASS" signature="beforeMethod(java.lang.reflect.Method)[pri:0, instance:com.qa.tests.ProductTests@11438d26]" name="beforeMethod" is-config="true" duration-ms="13293" started-at="2020-04-23T13:57:39Z" finished-at="2020-04-23T13:57:52Z">
          <params>
            <param index="0">
              <value>
                <![CDATA[public void com.qa.tests.ProductTests.searchForAnItem() throws java.lang.InterruptedException]]>
              </value>
            </param>
          </params>
          <reporter-output>
          </reporter-output>
        </test-method> <!-- beforeMethod -->
        <test-method status="PASS" signature="searchForAnItem()[pri:0, instance:com.qa.tests.ProductTests@11438d26]" name="searchForAnItem" duration-ms="5151" started-at="2020-04-23T13:57:52Z" finished-at="2020-04-23T13:57:57Z">
          <reporter-output>
          </reporter-output>
        </test-method> <!-- searchForAnItem -->
        <test-method status="PASS" signature="afterMethod()[pri:0, instance:com.qa.tests.ProductTests@11438d26]" name="afterMethod" is-config="true" duration-ms="1" started-at="2020-04-23T13:57:57Z" finished-at="2020-04-23T13:57:57Z">
          <reporter-output>
          </reporter-output>
        </test-method> <!-- afterMethod -->
        <test-method status="PASS" signature="afterMethod(org.testng.ITestResult)[pri:0, instance:com.qa.tests.ProductTests@11438d26]" name="afterMethod" is-config="true" duration-ms="2898" started-at="2020-04-23T13:57:57Z" finished-at="2020-04-23T13:58:00Z">
          <params>
            <param index="0">
              <value>
                <![CDATA[[TestResult name=searchForAnItem status=SUCCESS method=ProductTests.searchForAnItem()[pri:0, instance:com.qa.tests.ProductTests@11438d26] output={null}]]]>
              </value>
            </param>
          </params>
          <reporter-output>
          </reporter-output>
        </test-method> <!-- afterMethod -->
        <test-method status="PASS" signature="afterClass()[pri:0, instance:com.qa.tests.ProductTests@11438d26]" name="afterClass" is-config="true" duration-ms="5" started-at="2020-04-23T13:58:00Z" finished-at="2020-04-23T13:58:00Z">
          <reporter-output>
          </reporter-output>
        </test-method> <!-- afterClass -->
        <test-method status="PASS" signature="afterTest()[pri:0, instance:com.qa.tests.ProductTests@11438d26]" name="afterTest" is-config="true" duration-ms="856" started-at="2020-04-23T13:58:00Z" finished-at="2020-04-23T13:58:01Z">
          <reporter-output>
          </reporter-output>
        </test-method> <!-- afterTest -->
      </class> <!-- com.qa.tests.ProductTests -->
    </test> <!-- Pixel_2 -->
  </suite> <!-- Suite -->
</testng-results>
